[11Jul2026 12:55:48.677] [main/INFO] [Arclight/]: 

       ___           ___     __   /\
      /   | ________/ (_)__ / /  / /
     / /| |/ __/ __/ / / _ / _ \/__/
    / ___ / / / /_/ / / / / // / /
   /_/  |/_/  \__/_/_/\_ /_//_/ /
                     /__/     \/

    Version 诸王 (Feudal Kings) / arclight-1.21.1-1.0.2-SNAPSHOT-0769551
    Build Date 2026-05-09 08:50:30

[11Jul2026 12:55:48.710] [main/INFO] [cpw.mods.modlauncher.Launcher/MODLAUNCHER]: ModLauncher running: args [--launchTarget, arclightserver, --fml.neoForgeVersion, 21.1.228, --fml.fmlVersion, 4.0.42, --fml.mcVersion, 1.21.1, --fml.neoFormVersion, 20240808.144430]
[11Jul2026 12:55:48.711] [main/INFO] [cpw.mods.modlauncher.Launcher/MODLAUNCHER]: JVM identified as Eclipse Adoptium OpenJDK 64-Bit Server VM 21.0.11+10-LTS
[11Jul2026 12:55:48.711] [main/INFO] [cpw.mods.modlauncher.Launcher/MODLAUNCHER]: ModLauncher 11.0.5+main.901c6ea8 starting: java version 21.0.11 by Eclipse Adoptium; OS Linux arch amd64 version 6.12.90-120.164.amzn2023.x86_64
[11Jul2026 12:55:49.121] [main/INFO] [net.neoforged.fml.loading.ImmediateWindowHandler/]: ImmediateWindowProvider not loading because launch target is arclightserver
[11Jul2026 12:55:49.212] [main/INFO] [mixin/]: SpongePowered MIXIN Subsystem Version=0.8.7 Source=union:/home/ubuntu/workspace/moddedsmp-data/moddedsmp100/libraries/net/fabricmc/sponge-mixin/0.15.2+mixin.0.8.7/sponge-mixin-0.15.2+mixin.0.8.7.jar%23105!/ Service=ModLauncher Env=SERVER
[11Jul2026 12:55:51.116] [main/INFO] [net.neoforged.fml.loading.moddiscovery.locators.JarInJarDependencyLocator/]: Found 60 dependencies adding them to mods collection
[11Jul2026 12:55:51.119] [main/INFO] [ArclightJiJ/]: Skip jij dependency org.yaml.snakeyaml@null because Arclight has org.yaml.snakeyaml@2.2
[11Jul2026 12:55:51.122] [main/INFO] [net.neoforged.fml.loading.moddiscovery.ModDiscoverer/]: 
     Mod List:
		Name Version (Mod Id)

		Accessories 1.1.0-beta.48+1.21.1 (accessories)
		Ace's Spell Utils 1.2.6.1-1.21.1 (aces_spell_utils)
		Apotheosis 8.5.4 (apotheosis)
		Apothic Attributes 2.9.1 (apothic_attributes)
		Apothic Enchanting 1.5.3 (apothic_enchanting)
		Apothic Spawners 1.3.4 (apothic_spawners)
		Applied Energistics 2 19.2.17 (ae2)
		ArcaneEssenceBlock 1.0.0 (arcaneessenceblock)
		Architectury 13.0.8 (architectury)
		Arclight Mod 1.0.2-SNAPSHOT+0769551 (arclight)
		Ars 'n' Spells 2.5.0 (ars_n_spells)
		Ars Additions 1.21.1-21.3.0 (ars_additions)
		Ars Elemental 0.7.10.0 (ars_elemental)
		Ars Nouveau 5.12.0 (ars_nouveau)
		Artifacts 13.2.1 (artifacts)
		Artifacts Crafting 1.1.0 (artifactscrafting)
		Auto Restart 3.0.1 (auto_restart)
		AzureLib 3.1.10 (azurelib)
		BaguetteLib 2.0.3 (baguettelib)
		Balm 21.0.59 (balm)
		Better Advanced Tooltips 2101.1.0-build.1 (betteradvancedtooltips)
		Biomes O' Plenty 21.1.0.14 (biomesoplenty)
		Cataclysm: Spellbooks 1.1.12-1.21 (cataclysm_spellbooks)
		Chat Heads 0.15.2 (chat_heads)
		Chunky 1.4.23 (chunky)
		Cloth Config v15 API 15.0.140 (cloth_config)
		Clumps 19.0.0.1 (clumps)
		Colorful Hearts 10.5.9 (colorfulhearts)
		Comforts 9.0.5+1.21.1 (comforts)
		Common Networking 1.0.21-1.21.1 (commonnetworking)
		CommonCapabilities 2.11.5 (commoncapabilities)
		CorgiLib 5.0.0.9 (corgilib)
		CraterLib 3.1.2 (craterlib)
		Create 6.0.10 (create)
		Create: Connected 1.3.2-mc1.21.1 (create_connected)
		Create: Copycats+ 3.0.4+mc.1.21.1-neoforge (copycats)
		Cristel Lib 3.1.7 (cristellib)
		Crossroads 1.21.1-2.11.7 (crossroads)
		Cumulus 2.0.7 (cumulus_menus)
		Curios API 9.5.1+1.21.1 (curios)
		Cyclops Core 1.29.1 (cyclopscore)
		Deeper and Darker 1.4.1 (deeperdarker)
		Dynamic Crosshair 9.11 (dynamiccrosshair)
		Dynamic Crosshair API 1.2 (dynamiccrosshairapi)
		Dynamic FPS 3.11.4 (dynamic_fps)
		Essentials 2.17.5 (essentials)
		ExpandAbility 12.0.0 (expandability)
		Explorer's Compass 1.21.1-3.4.0-neoforge (explorerscompass)
		Explorify 1.6.5 (explorify)
		Ferrite Core 7.0.3 (ferritecore)
		Flux Networks 8.0.0 (fluxnetworks)
		Flywheel 1.0.6 (flywheel)
		Forgified Fabric API Base 0.4.42+d1308dedd1 (fabric_api_base)
		Forgified Fabric BlockView API (v2) 1.0.10+9afaaf8c19 (fabric_block_view_api_v2)
		Forgified Fabric Renderer API (v1) 3.4.0+acb05a3919 (fabric_renderer_api_v1)
		Forgified Fabric Rendering Data Attachment (v1) 0.3.48+73761d2e19 (fabric_rendering_data_attachment_v1)
		FTB Chunks 2101.1.20 (ftbchunks)
		FTB Essentials 2101.1.9 (ftbessentials)
		FTB Filter System 21.1.4 (ftbfiltersystem)
		FTB Library 2101.1.32 (ftblibrary)
		FTB Quests 2101.1.27 (ftbquests)
		FTB Teams 2101.1.10 (ftbteams)
		FTB XMod Compat 21.1.8 (ftbxmodcompat)
		Fzzy Config 0.7.6+1.21+neoforge (fzzy_config)
		GeckoLib 4 4.9.1 (geckolib)
		Get It Together, Drops! 1.4 (getittogetherdrops)
		GlitchCore 2.1.0.2 (glitchcore)
		Grand Power 3.0.0 (grandpower)
		Gravestone Curios Compatibility 4.0.2 (gravestonecurioscompat)
		Gravestone Mod 1.21.1-1.0.37 (gravestone)
		GuideME 21.1.16 (guideme)
		ImmediatelyFast 1.6.10+1.21.1 (immediatelyfast)
		Immersive Aircraft 1.4.6+1.21.1 (immersive_aircraft)
		Immersive Engineering 12.4.2-194 (immersiveengineering)
		Immersive Machinery 0.2.0+1.21.1 (immersive_machinery)
		Infiniverse 2.0.1.0 (infiniverse)
		IntegratedCrafting 1.4.6 (integratedcrafting)
		IntegratedDynamics 1.33.3 (integrateddynamics)
		IntegratedREST 1.1.15 (integratedrest)
		IntegratedScripting 1.0.22 (integratedscripting)
		IntegratedTerminals 1.7.0 (integratedterminals)
		IntegratedTunnels 1.9.4 (integratedtunnels)
		Iris 1.8.14-beta.1+mc1.21.1 (iris)
		Iron's Lib 1.21.1-1.1.0 (irons_lib)
		Iron's Spells 'n Spellbooks 1.21.1-3.16.1 (irons_spellbooks)
		Jade 15.10.5+neoforge (jade)
		Journeymap 1.21.1-6.0.0 (journeymap)
		JourneyMap API 2.0.0-1.21.1 (journeymap_api)
		Just Enough Items 19.27.0.343 (jei)
		Kotlin For Forge 5.12.0 (kotlinforforge)
		Ksyxis 1.4.3 (ksyxis)
		KubeJS 2101.7.2-build.368 (kubejs)
		KumaAPI 21.0.8 (kuma_api)
		L_Ender's Cataclysm 1.21.1 3.31-optimaztion (cataclysm)
		LambDynamicLights (API) 4.5.1+1.21.1 (lambdynlights_api)
		LibBamboo 2.25 (libbamboo)
		lionfishapi 3.0 (lionfishapi)
		Lithium 0.15.4+mc1.21.1 (lithium)
		Lithostitched 1.7.12 (lithostitched)
		Lootr 1.21.1-1.11.37.121 (lootr)
		Mekanism 10.7.19 (mekanism)
		Mekanism: Additions 10.7.19 (mekanismadditions)
		Mekanism: Generators 10.7.19 (mekanismgenerators)
		Mekanism: Tools 10.7.19 (mekanismtools)
		Minecraft 1.21.1 (minecraft)
		Modern Industrialization 2.5.1 (modern_industrialization)
		ModernFix 5.27.14+mc1.21.1 (modernfix)
		More Curios Slots 1.4 (more_curios_slots)
		Nature's Compass 1.21.1-3.4.0-neoforge (naturescompass)
		NeoForge 21.1.228 (neoforge)
		Nitrogen 1.1.25 (nitrogen_internals)
		Noisium 2.7.0+mc1.21-1.21.1 (noisium)
		Nuggets 1.1.0.48 (nuggets)
		OreExcavation 1.16.43 (oreexcavation)
		oωo 0.12.15.5-beta.1+1.21 (owo)
		Patchouli 1.21.1-93-NEOFORGE (patchouli)
		Placebo 9.9.1 (placebo)
		Player Animator 2.0.4+1.21.1 (playeranimator)
		Ponder 1.0.82+mc1.21.1 (ponder)
		Regions Unexplored 0.6.1 (regions_unexplored)
		Rhino 2101.2.7-build.85 (rhino)
		Sable Companion 1.6.0 (sablecompanion)
		Sauce Library 0.0.42.89 (sauce)
		Serene Seasons 10.1.0.3 (sereneseasons)
		ServerCore 1.5.19+1.21.1 (servercore)
		Simple Backups 1.21-4.0.30 (simplebackups)
		Simple Voice Chat 1.21.1-2.6.20 (voicechat)
		Simply Swords 1.63.0-1.21.1 (simplyswords)
		Simply Tooltips 0.1.3 (simplytooltips)
		Sophisticated Backpacks 3.25.64 (sophisticatedbackpacks)
		Sophisticated Backpacks Create Integration 0.1.7 (sophisticatedbackpackscreateintegration)
		Sophisticated Core 1.4.62 (sophisticatedcore)
		Sophisticated Storage 1.5.65 (sophisticatedstorage)
		Sophisticated Storage Create Integration 0.1.17 (sophisticatedstoragecreateintegration)
		spark 1.10.124 (spark)
		SpectreLib 0.17.2+1.21 (spectrelib)
		Tectonic 3.0.22 (tectonic)
		TerraBlender 4.1.0.8 (terrablender)
		The Aether 1.5.10 (aether)
		Tom's Simple Storage Mod 2.3.2 (toms_storage)
		TrashSlot 21.1.11 (trashslot)
		Villager In A Bucket 1.21.1-1.1.1 (villagerinabucket)
		Waystones 21.1.34 (waystones)
		YUNG's API 1.21.1-NeoForge-5.1.6 (yungsapi)
		YUNG's Better Desert Temples 1.21.1-NeoForge-4.1.5 (betterdeserttemples)
		YUNG's Better Dungeons 1.21.1-NeoForge-5.1.4 (betterdungeons)
		YUNG's Better End Island 1.21.1-NeoForge-3.1.2 (betterendisland)
		YUNG's Better Jungle Temples 1.21.1-NeoForge-3.1.2 (betterjungletemples)
		YUNG's Better Mineshafts 1.21.1-NeoForge-5.1.1 (bettermineshafts)
		YUNG's Better Nether Fortresses 1.21.1-NeoForge-3.1.5 (betterfortresses)
		YUNG's Better Ocean Monuments 1.21.1-NeoForge-4.1.2 (betteroceanmonuments)
		YUNG's Better Strongholds 1.21.1-NeoForge-5.1.3 (betterstrongholds)
		YUNG's Better Witch Huts 1.21.1-NeoForge-4.1.1 (betterwitchhuts)
		YUNG's Bridges 1.21.1-NeoForge-5.1.1 (yungsbridges)
		YUNG's Extras 1.21.1-NeoForge-5.1.1 (yungsextras)
[11Jul2026 12:55:51.751] [main/INFO] [net.neoforged.fml.loading.FMLServiceProvider/CORE]: Loading coremod script-engine for [apothic_enchanting]
[11Jul2026 12:55:53.835] [main/INFO] [mixin/]: Compatibility level set to JAVA_17
[11Jul2026 12:55:53.839] [main/INFO] [mixin/]: Compatibility level set to JAVA_21
[11Jul2026 12:55:54.198] [main/INFO] [mixin/]: Successfully loaded Mixin Connector [io.izzel.arclight.common.mod.ArclightConnector]
[11Jul2026 12:55:54.223] [main/INFO] [Arclight/]: Arclight core mixin added.
[11Jul2026 12:55:54.224] [main/INFO] [Arclight/]: Arclight optimization mixin added.
[11Jul2026 12:55:54.227] [main/INFO] [cpw.mods.modlauncher.LaunchServiceHandler/MODLAUNCHER]: Launching target 'arclightserver' with arguments []
[11Jul2026 12:55:54.233] [main/WARN] [mixin/]: Reference map 'betterdungeons.refmap.json' for betterdungeons.mixins.json could not be read. If this is a development environment you can ignore this message
[11Jul2026 12:55:54.234] [main/WARN] [mixin/]: Reference map 'kuma_api.refmap.json' for kuma_api.mixins.json could not be read. If this is a development environment you can ignore this message
[11Jul2026 12:55:54.278] [main/WARN] [mixin/]: Reference map 'betterwitchhuts.refmap.json' for betterwitchhuts.mixins.json could not be read. If this is a development environment you can ignore this message
[11Jul2026 12:55:54.279] [main/WARN] [mixin/]: Reference map 'geckolib.refmap.json' for geckolib.mixins.json could not be read. If this is a development environment you can ignore this message
[11Jul2026 12:55:54.282] [main/WARN] [mixin/]: Reference map 'aether.refmap.json' for aether.mixins.json could not be read. If this is a development environment you can ignore this message
[11Jul2026 12:55:54.422] [main/WARN] [mixin/]: Reference map 'betteroceanmonuments.refmap.json' for betteroceanmonuments.mixins.json could not be read. If this is a development environment you can ignore this message
[11Jul2026 12:55:54.425] [main/WARN] [mixin/]: Reference map 'placebo.refmap.json' for placebo.mixins.json could not be read. If this is a development environment you can ignore this message
[11Jul2026 12:55:54.686] [main/INFO] [ModernFix/]: Loaded configuration file for ModernFix 5.27.14+mc1.21.1: 88 options available, 0 override(s) found
[11Jul2026 12:55:54.687] [main/INFO] [ModernFix/]: Applying Nashorn fix
[11Jul2026 12:55:54.691] [main/WARN] [mixin/]: Reference map 'modernfix.refmap.json' for modernfix-modernfix.mixins.json could not be read. If this is a development environment you can ignore this message
[11Jul2026 12:55:54.695] [main/WARN] [mixin/]: Reference map 'yungsapi.refmap.json' for yungsapi.mixins.json could not be read. If this is a development environment you can ignore this message
[11Jul2026 12:55:54.697] [main/WARN] [mixin/]: Reference map 'iris.refmap.json' for mixins.iris.json could not be read. If this is a development environment you can ignore this message
[11Jul2026 12:55:54.697] [main/WARN] [mixin/]: Reference map 'iris.refmap.json' for mixins.iris.fantastic.json could not be read. If this is a development environment you can ignore this message
[11Jul2026 12:55:54.698] [main/WARN] [mixin/]: Reference map 'iris.refmap.json' for mixins.iris.vertexformat.json could not be read. If this is a development environment you can ignore this message
[11Jul2026 12:55:54.699] [main/WARN] [mixin/]: Reference map 'iris.refmap.json' for iris-batched-entity-rendering.mixins.json could not be read. If this is a development environment you can ignore this message
[11Jul2026 12:55:54.699] [main/WARN] [mixin/]: Reference map 'iris.refmap.json' for mixins.iris.compat.sodium.json could not be read. If this is a development environment you can ignore this message
[11Jul2026 12:55:54.704] [main/WARN] [mixin/]: Reference map 'nuggets.refmap.json' for nuggets.mixins.json could not be read. If this is a development environment you can ignore this message
[11Jul2026 12:55:54.707] [main/WARN] [mixin/]: Reference map 'balm.refmap.json' for balm.mixins.json could not be read. If this is a development environment you can ignore this message
[11Jul2026 12:55:54.711] [main/WARN] [mixin/]: Reference map '' for chat_heads.neoforge.mixins.json could not be read. If this is a development environment you can ignore this message
[11Jul2026 12:55:54.713] [main/WARN] [mixin/]: Reference map 'betterfortresses.refmap.json' for betterfortresses.mixins.json could not be read. If this is a development environment you can ignore this message
[11Jul2026 12:55:54.716] [main/WARN] [mixin/]: Reference map 'create_connected.refmap.json' for create_connected.mixins.json could not be read. If this is a development environment you can ignore this message
[11Jul2026 12:55:54.717] [main/WARN] [mixin/]: Reference map 'aces_spell_utils.refmap.json' for aces_spell_utils.mixins.json could not be read. If this is a development environment you can ignore this message
[11Jul2026 12:55:54.718] [main/WARN] [mixin/]: Reference map 'getittogetherdrops.refmap.json' for getittogetherdrops.mixins.json could not be read. If this is a development environment you can ignore this message
[11Jul2026 12:55:54.721] [main/WARN] [mixin/]: Reference map 'yungsbridges.refmap.json' for yungsbridges.mixins.json could not be read. If this is a development environment you can ignore this message
[11Jul2026 12:55:54.722] [main/WARN] [mixin/]: Reference map 'apothic_attributes.refmap.json' for apothic_attributes.mixins.json could not be read. If this is a development environment you can ignore this message
[11Jul2026 12:55:54.838] [main/WARN] [mixin/]: Reference map 'lionfishapi.refmap.json' for lionfishapi.mixins.json could not be read. If this is a development environment you can ignore this message
[11Jul2026 12:55:54.838] [main/WARN] [mixin/]: Reference map 'cataclysm.refmap.json' for cataclysm.mixins.json could not be read. If this is a development environment you can ignore this message
[11Jul2026 12:55:54.839] [main/WARN] [mixin/]: Reference map 'curios.refmap.json' for curios.neoforge.mixins.json could not be read. If this is a development environment you can ignore this message
[11Jul2026 12:55:54.839] [main/WARN] [mixin/]: Reference map 'curios.refmap.json' for curios.mixins.json could not be read. If this is a development environment you can ignore this message
[11Jul2026 12:55:54.840] [main/WARN] [mixin/]: Reference map 'patchouli.refmap.json' for patchouli_xplat.mixins.json could not be read. If this is a development environment you can ignore this message
[11Jul2026 12:55:54.842] [main/WARN] [mixin/]: Reference map 'betterstrongholds.refmap.json' for betterstrongholds.mixins.json could not be read. If this is a development environment you can ignore this message
[11Jul2026 12:55:54.844] [main/WARN] [mixin/]: Reference map '' for accessories-common.mixins.json could not be read. If this is a development environment you can ignore this message
[11Jul2026 12:55:54.845] [main/WARN] [mixin/]: Reference map '' for accessories-forge.mixins.json could not be read. If this is a development environment you can ignore this message
[11Jul2026 12:55:54.845] [main/WARN] [mixin/]: Reference map 'cumulus_menus.refmap.json' for cumulus_menus.mixins.json could not be read. If this is a development environment you can ignore this message
[11Jul2026 12:55:54.846] [main/WARN] [mixin/]: Reference map 'cumulus_menus.refmap.json' for cumulus_menus.neoforge.mixins.json could not be read. If this is a development environment you can ignore this message
[11Jul2026 12:55:54.882] [main/WARN] [mixin/]: Reference map 'betterendisland.refmap.json' for betterendisland.mixins.json could not be read. If this is a development environment you can ignore this message
[11Jul2026 12:55:54.885] [main/WARN] [mixin/]: Reference map 'nitrogen_internals.refmap.json' for nitrogen_internals.mixins.json could not be read. If this is a development environment you can ignore this message
[11Jul2026 12:55:54.885] [main/WARN] [mixin/]: Reference map 'bettermineshafts.refmap.json' for bettermineshafts.mixins.json could not be read. If this is a development environment you can ignore this message
[11Jul2026 12:55:54.886] [main/WARN] [mixin/]: Reference map 'betterjungletemples.refmap.json' for betterjungletemples.mixins.json could not be read. If this is a development environment you can ignore this message
[11Jul2026 12:55:54.888] [main/WARN] [mixin/]: Reference map 'trashslot.refmap.json' for trashslot.mixins.json could not be read. If this is a development environment you can ignore this message
[11Jul2026 12:55:54.895] [main/WARN] [mixin/]: Reference map 'irons_lib.refmap.json' for irons_lib.mixins.json could not be read. If this is a development environment you can ignore this message
[11Jul2026 12:55:54.917] [main/INFO] [LithiumConfig/]: Option 'mixin.experimental.entity.block_caching.suffocation' requires 'mixin.util.block_tracking=true' but found 'false'. Setting 'mixin.experimental.entity.block_caching.suffocation=false'.
[11Jul2026 12:55:54.917] [main/INFO] [LithiumConfig/]: Option 'mixin.experimental.entity.block_caching.block_support' requires 'mixin.util.block_tracking=true' but found 'false'. Setting 'mixin.experimental.entity.block_caching.block_support=false'.
[11Jul2026 12:55:54.917] [main/INFO] [LithiumConfig/]: Option 'mixin.experimental.entity.block_caching.block_touching' requires 'mixin.util.block_tracking=true' but found 'false'. Setting 'mixin.experimental.entity.block_caching.block_touching=false'.
[11Jul2026 12:55:54.917] [main/INFO] [LithiumConfig/]: Option 'mixin.experimental.entity.block_caching' requires 'mixin.util.block_tracking=true' but found 'false'. Setting 'mixin.experimental.entity.block_caching=false'.
[11Jul2026 12:55:54.917] [main/INFO] [Lithium/]: Loaded configuration file for Lithium: 148 options available, 0 override(s) found
[11Jul2026 12:55:54.922] [main/WARN] [mixin/]: Reference map 'waystones.refmap.json' for waystones.mixins.json could not be read. If this is a development environment you can ignore this message
[11Jul2026 12:55:54.923] [main/WARN] [mixin/]: Reference map 'clumps.refmap.json' for clumps.mixins.json could not be read. If this is a development environment you can ignore this message
[11Jul2026 12:55:54.923] [main/WARN] [mixin/]: Reference map 'journeymap-refmap.json' for journeymap.mixins.json could not be read. If this is a development environment you can ignore this message
[11Jul2026 12:55:54.925] [main/WARN] [mixin/]: Reference map 'comforts.refmap.json' for comforts.mixins.json could not be read. If this is a development environment you can ignore this message
[11Jul2026 12:55:54.927] [main/WARN] [mixin/]: Reference map 'glitchcore.refmap.json' for glitchcore.mixins.json could not be read. If this is a development environment you can ignore this message
[11Jul2026 12:55:54.927] [main/WARN] [mixin/]: Reference map 'glitchcore.refmap.json' for glitchcore.neoforge.mixins.json could not be read. If this is a development environment you can ignore this message
[11Jul2026 12:55:54.927] [main/WARN] [mixin/]: Reference map 'sereneseasons.refmap.json' for sereneseasons.mixins.json could not be read. If this is a development environment you can ignore this message
[11Jul2026 12:55:54.928] [main/WARN] [mixin/]: Reference map 'sereneseasons.refmap.json' for sereneseasons.neoforge.mixins.json could not be read. If this is a development environment you can ignore this message
[11Jul2026 12:55:54.928] [main/WARN] [mixin/]: Reference map 'betterdeserttemples.refmap.json' for betterdeserttemples.mixins.json could not be read. If this is a development environment you can ignore this message
[11Jul2026 12:55:54.931] [main/WARN] [mixin/]: Reference map 'ars_nouveau.refmap.json' for ars_nouveau.mixins.json could not be read. If this is a development environment you can ignore this message
[11Jul2026 12:55:54.932] [main/WARN] [mixin/]: Reference map 'sauce.refmap.json' for sauce.mixins.json could not be read. If this is a development environment you can ignore this message
[11Jul2026 12:55:54.934] [main/WARN] [mixin/]: Reference map 'terrablender.refmap.json' for terrablender.mixins.json could not be read. If this is a development environment you can ignore this message
[11Jul2026 12:55:54.934] [main/WARN] [mixin/]: Reference map 'terrablender.refmap.json' for terrablender_neoforge.mixins.json could not be read. If this is a development environment you can ignore this message
[11Jul2026 12:55:54.935] [main/WARN] [mixin/]: Reference map 'biomesoplenty.refmap.json' for biomesoplenty.mixins.json could not be read. If this is a development environment you can ignore this message
[11Jul2026 12:55:54.935] [main/WARN] [mixin/]: Reference map 'biomesoplenty.refmap.json' for biomesoplenty.neoforge.mixins.json could not be read. If this is a development environment you can ignore this message
[11Jul2026 12:55:54.935] [main/WARN] [mixin/]: Reference map 'apothic_spawners.refmap.json' for apothic_spawners.mixins.json could not be read. If this is a development environment you can ignore this message
[11Jul2026 12:55:54.977] [main/WARN] [mixin/]: Reference map 'apotheosis.refmap.json' for apotheosis.mixins.json could not be read. If this is a development environment you can ignore this message
[11Jul2026 12:55:54.978] [main/WARN] [mixin/]: Reference map '${mod_id}.refmap.json' for regions_unexplored.mixins.json could not be read. If this is a development environment you can ignore this message
[11Jul2026 12:55:54.979] [main/WARN] [mixin/]: Reference map '${mod_id}.refmap.json' for regions_unexplored.neoforge.mixins.json could not be read. If this is a development environment you can ignore this message
[11Jul2026 12:55:54.996] [main/WARN] [mixin/]: Reference map 'ponder.refmap.json' for ponder-common.mixins.json could not be read. If this is a development environment you can ignore this message
[11Jul2026 12:55:54.998] [main/WARN] [mixin/]: Reference map 'ars_elemental.refmap.json' for ars_elemental.mixins.json could not be read. If this is a development environment you can ignore this message
[11Jul2026 12:55:55.000] [main/WARN] [mixin/]: Reference map 'irons_spellbooks.refmap.json' for irons_spellbooks.mixins.json could not be read. If this is a development environment you can ignore this message
[11Jul2026 12:55:55.035] [main/WARN] [mixin/]: Reference map '${refmap_target}refmap.json' for ferritecore.predicates.mixin.json could not be read. If this is a development environment you can ignore this message
[11Jul2026 12:55:55.103] [main/WARN] [mixin/]: Reference map '${refmap_target}refmap.json' for ferritecore.fastmap.mixin.json could not be read. If this is a development environment you can ignore this message
[11Jul2026 12:55:55.105] [main/WARN] [mixin/]: Reference map '${refmap_target}refmap.json' for ferritecore.mrl.mixin.json could not be read. If this is a development environment you can ignore this message
[11Jul2026 12:55:55.106] [main/WARN] [mixin/]: Reference map '${refmap_target}refmap.json' for ferritecore.dedupmultipart.mixin.json could not be read. If this is a development environment you can ignore this message
[11Jul2026 12:55:55.108] [main/WARN] [mixin/]: Reference map '${refmap_target}refmap.json' for ferritecore.blockstatecache.mixin.json could not be read. If this is a development environment you can ignore this message
[11Jul2026 12:55:55.109] [main/WARN] [mixin/]: Reference map '${refmap_target}refmap.json' for ferritecore.dedupbakedquad.mixin.json could not be read. If this is a development environment you can ignore this message
[11Jul2026 12:55:55.110] [main/WARN] [mixin/]: Reference map '${refmap_target}refmap.json' for ferritecore.threaddetec.mixin.json could not be read. If this is a development environment you can ignore this message
[11Jul2026 12:55:55.111] [main/WARN] [mixin/]: Reference map '${refmap_target}refmap.json' for ferritecore.modelsides.mixin.json could not be read. If this is a development environment you can ignore this message
[11Jul2026 12:55:55.112] [main/WARN] [mixin/]: Reference map '${refmap_target}refmap.json' for ferritecore.datacomponents.mixin.json could not be read. If this is a development environment you can ignore this message
[11Jul2026 12:55:55.113] [main/WARN] [mixin/]: Reference map '${refmap_target}refmap.json' for ferritecore.accessors.mixin.json could not be read. If this is a development environment you can ignore this message
[11Jul2026 12:55:56.180] [main/WARN] [mixin/]: Error loading class: me/jellysquid/mods/lithium/common/ai/pathing/PathNodeDefaults (java.lang.ClassNotFoundException: me.jellysquid.mods.lithium.common.ai.pathing.PathNodeDefaults)
[11Jul2026 12:55:56.600] [main/INFO] [net.neoforged.coremod.CoreMod.apothic_enchanting/COREMODLOG]: Replaced 2 calls to Enchantment#getMaxLevel() in net/minecraft/world/item/CreativeModeTabs
[11Jul2026 12:55:56.624] [main/WARN] [mixin/]: Error loading class: dev/simulated_team/simulated/content/blocks/throttle_lever/ThrottleLeverBlock (java.lang.ClassNotFoundException: dev.simulated_team.simulated.content.blocks.throttle_lever.ThrottleLeverBlock)
[11Jul2026 12:55:56.624] [main/WARN] [mixin/]: @Mixin target dev.simulated_team.simulated.content.blocks.throttle_lever.ThrottleLeverBlock was not found create_connected.mixins.json:linkedtransmitter.ThrottleLeverBlockMixin from mod create_connected
[11Jul2026 12:55:57.084] [main/INFO] [net.neoforged.coremod.CoreMod.apothic_enchanting/COREMODLOG]: Replaced 1 calls to Enchantment#getMaxLevel() in net/minecraft/world/item/enchantment/EnchantmentHelper
[11Jul2026 12:55:57.281] [main/INFO] [net.neoforged.coremod.CoreMod.apothic_enchanting/COREMODLOG]: Replaced 2 calls to Enchantment#getMaxLevel() in net/minecraft/world/inventory/AnvilMenu
[11Jul2026 12:55:57.318] [main/INFO] [net.neoforged.coremod.CoreMod.apothic_enchanting/COREMODLOG]: Replaced 1 calls to Enchantment#getMaxLevel() in net/minecraft/world/item/enchantment/Enchantment
[11Jul2026 12:55:57.324] [main/WARN] [mixin/]: Error loading class: org/violetmoon/quark/content/tweaks/module/GoldToolsHaveFortuneModule (java.lang.ClassNotFoundException: org.violetmoon.quark.content.tweaks.module.GoldToolsHaveFortuneModule)
[11Jul2026 12:55:57.493] [main/WARN] [mixin/]: Error loading class: me/jellysquid/mods/lithium/common/ai/pathing/PathNodeDefaults (java.lang.ClassNotFoundException: me.jellysquid.mods.lithium.common.ai.pathing.PathNodeDefaults)
[11Jul2026 12:55:58.306] [main/WARN] [mixin/]: Error loading class: org/violetmoon/quark/content/tweaks/module/GoldToolsHaveFortuneModule (java.lang.ClassNotFoundException: org.violetmoon.quark.content.tweaks.module.GoldToolsHaveFortuneModule)
[11Jul2026 12:55:58.314] [main/WARN] [mixin/]: Error loading class: net/minecraft/client/gui/screens/CreateBuffetWorldScreen$BiomeList (java.lang.ClassNotFoundException: net.minecraft.client.gui.screens.CreateBuffetWorldScreen$BiomeList)
[11Jul2026 12:55:58.314] [main/WARN] [mixin/]: @Mixin target net.minecraft.client.gui.screens.CreateBuffetWorldScreen$BiomeList was not found regions_unexplored.mixins.json:removals.BiomeListMixin from mod regions_unexplored
[11Jul2026 12:55:59.210] [main/INFO] [net.neoforged.coremod.CoreMod.apothic_enchanting/COREMODLOG]: Patching FishingHook#catchingFish
[11Jul2026 12:56:00.144] [main/WARN] [mixin/]: Error loading class: org/jetbrains/annotations/ApiStatus$ScheduledForRemoval (java.lang.ClassNotFoundException: org.jetbrains.annotations.ApiStatus$ScheduledForRemoval)
[11Jul2026 12:56:00.430] [main/INFO] [MixinExtras|Service/]: Initializing MixinExtras via com.llamalad7.mixinextras.service.MixinExtrasServiceImpl(version=0.5.3).
[11Jul2026 12:56:00.708] [main/WARN] [mixin/]: Static binding violation: PRIVATE @Overwrite method decoratedId in modernfix-modernfix.mixins.json:perf.tag_id_caching.TagOrElementLocationMixin from mod modernfix cannot reduce visibiliy of PUBLIC target method, visibility will be upgraded.
[11Jul2026 12:56:01.791] [main/INFO] [net.minecraft.server.Bootstrap/]: ModernFix reached bootstrap stage (15.62 s after launch)
[11Jul2026 12:56:02.336] [main/INFO] [net.neoforged.coremod.CoreMod.apothic_enchanting/COREMODLOG]: Replaced 2 calls to Enchantment#getMaxLevel() in net/minecraft/world/item/CreativeModeTabs
[11Jul2026 12:56:04.783] [main/WARN] [mixin/]: Method overwrite conflict for getIndirectPassengers in mixins.arclight.impl.optimization.json:EntityMixin_Optimize from mod (unknown), previously written by net.caffeinemc.mods.lithium.mixin.alloc.deep_passengers.EntityMixin. Skipping method.
[11Jul2026 12:56:08.306] [main/WARN] [mixin/]: Static binding violation: PRIVATE @Overwrite method getTemperature in modernfix-modernfix.mixins.json:perf.remove_biome_temperature_cache.BiomeMixin from mod modernfix cannot reduce visibiliy of PUBLIC target method, visibility will be upgraded.
[11Jul2026 12:56:08.311] [main/WARN] [mixin/]: Method overwrite conflict for getTemperature in lithium.mixins.json:world.temperature_cache.BiomeMixin from mod lithium, previously written by org.embeddedt.modernfix.common.mixin.perf.remove_biome_temperature_cache.BiomeMixin. Skipping method.
[11Jul2026 12:56:08.411] [main/INFO] [net.neoforged.coremod.CoreMod.apothic_enchanting/COREMODLOG]: Replaced 2 calls to Enchantment#getMaxLevel() in net/minecraft/world/inventory/AnvilMenu
[11Jul2026 12:56:08.425] [main/WARN] [mixin/]: @ModifyConstant conflict. Skipping mixins.arclight.core.json:world.inventory.AnvilMenuMixin from mod (unknown)->@ModifyConstant::arclight$maximumRepairCost(I)I with priority 500, already redirected by apothic_enchanting.mixins.json:AnvilMenuMixin from mod apothic_enchanting->@ModifyConstant::apoth_removeLevelCap(I)I with priority 1000
[11Jul2026 12:56:08.425] [main/WARN] [mixin/]: @ModifyConstant conflict. Skipping mixins.arclight.core.json:world.inventory.AnvilMenuMixin from mod (unknown)->@ModifyConstant::arclight$maximumRepairCost(I)I with priority 500, already redirected by apothic_enchanting.mixins.json:AnvilMenuMixin from mod apothic_enchanting->@ModifyConstant::apoth_removeLevelCap(I)I with priority 1000
[11Jul2026 12:56:08.425] [main/WARN] [mixin/]: @ModifyConstant conflict. Skipping mixins.arclight.core.json:world.inventory.AnvilMenuMixin from mod (unknown)->@ModifyConstant::arclight$maximumRepairCost(I)I with priority 500, already redirected by apothic_enchanting.mixins.json:AnvilMenuMixin from mod apothic_enchanting->@ModifyConstant::apoth_removeLevelCap(I)I with priority 1000
[11Jul2026 12:56:09.482] [main/INFO] [net.neoforged.coremod.CoreMod.apothic_enchanting/COREMODLOG]: Replaced 1 calls to Enchantment#getMaxLevel() in net/minecraft/world/item/enchantment/Enchantment
